<?xml version="1.0" encoding="UTF-8"?>
<!-- Generated by org.testng.reporters.JUnitReportReporter -->
<testsuite hostname="PF-3JTDGC" failures="0" tests="2" name="Answer.Test1" time="0.005" errors="0" timestamp="2023-01-03T17:00:16 IST" skipped="0">
  <testcase classname="Answer.Test1" name="sum" time="0.000"/>
  <system-out/>
  <testcase classname="Answer.Test1" name="sub" time="0.005"/>
  <system-out/>
</testsuite> <!-- Answer.Test1 -->
